Arguments: 
  D:\software\nodejs\node.exe C:\Users\ASUS\AppData\Roaming\npm\node_modules\yarn\bin\yarn.js jsonp

PATH: 
  C:\Program Files (x86)\Intel\Intel(R) Management Engine Components\iCLS\;C:\Program Files\Intel\Intel(R) Management Engine Components\iCLS\;C:\WINDOWS\system32;C:\WINDOWS;C:\WINDOWS\System32\Wbem;C:\WINDOWS\System32\WindowsPowerShell\v1.0\;C:\WINDOWS\System32\OpenSSH\;C:\Program Files (x86)\Intel\Intel(R) Management Engine Components\DAL;C:\Program Files\Intel\Intel(R) Management Engine Components\DAL;C:\Program Files (x86)\Intel\Intel(R) Management Engine Components\IPT;C:\Program Files\Intel\Intel(R) Management Engine Components\IPT;D:\software\Git\cmd;C:\Program Files\MySQL\MySQL Server 5.7\bin;D:\软件\Developer Tools\Python\Scripts;D:\software\nodejs\;D:\software\nodejs;;D:\software\eclipse\jdk-13.0.2_windows-x64_bin\jdk-13.0\bin;D:\software\IDEA\apache-maven-3.6.3\bin;C:\Users\ASUS\AppData\Local\Programs\Python\Python36\Scripts\;C:\Users\ASUS\AppData\Local\Programs\Python\Python36\;D:\软件\Developer Tools\Python\Scripts\;D:\软件\Developer Tools\Python\;C:\Users\ASUS\AppData\Local\Microsoft\WindowsApps;D:\软件\Developer Tools\Microsoft VS Code\bin;C:\Users\ASUS\AppData\Roaming\npm;D:\software\WebStorm 2019.3.1\bin;

Yarn version: 
  1.19.1

Node version: 
  12.13.0

Platform: 
  win32 x64

Trace: 
  SyntaxError: D:\WorkSpace\code\demos\crossOrigin-demo\package.json: Unexpected token / in JSON at position 157
      at JSON.parse (<anonymous>)
      at C:\Users\ASUS\AppData\Roaming\npm\node_modules\yarn\lib\cli.js:1625:59
      at Generator.next (<anonymous>)
      at step (C:\Users\ASUS\AppData\Roaming\npm\node_modules\yarn\lib\cli.js:304:30)
      at C:\Users\ASUS\AppData\Roaming\npm\node_modules\yarn\lib\cli.js:315:13

npm manifest: 
  {
    "name": "cross-origin-demo",
    "version": "1.0.0",
    "main": "index.js",
    "scripts": {
      "jsonp": "node ./jsonp/server.js & http-server ./jsonp",
      /* "cors": "node ./cors/server.js & http-server ./cors",
      "proxy": "node ./serverProxy/server.js",
      "hash": "http-server ./hash/client/ -p 8080 & http-server ./hash/server/ -p 8081",
      "name": "http-server ./name/client/ -p 8080 & http-server ./name/server/ -p 8081",
      "postMessage": "http-server ./postMessage/client/ -p 8080 & http-server ./postMessage/server/ -p 8081",
      "domain": "http-server ./domain/client/ -p 8080 & http-server ./domain/server/ -p 8081" */
    },
    "license": "MIT"
  }

yarn manifest: 
  No manifest

Lockfile: 
  No lockfile
